<?xml version="1.0" encoding="UTF-8"?>
<!-- Generated by org.testng.reporters.JUnitReportReporter -->
<testsuite hostname="DESKTOP-1EUJPDG" failures="0" tests="4" name="com.batches.test.CraeteBatchTest" time="23.595" errors="0" timestamp="2023-03-01T16:48:30 IST" skipped="0">
  <testcase classname="com.batches.test.CraeteBatchTest" name="testNavigateToNewBatchPage" time="8.194"/>
  <system-out/>
  <testcase classname="com.batches.test.CraeteBatchTest" name="testTodaysDate" time="2.875"/>
  <system-out/>
  <testcase classname="com.batches.test.CraeteBatchTest" name="testValidateBatchCode" time="4.192"/>
  <system-out/>
  <testcase classname="com.batches.test.CraeteBatchTest" name="testFutureDate" time="8.334"/>
  <system-out/>
</testsuite> <!-- com.batches.test.CraeteBatchTest -->
